[INFO] [2018-01-04 22:58:49][org.springframework.context.support.ClassPathXmlApplicationContext]Refreshing org.springframework.context.support.ClassPathXmlApplicationContext@36aa7bc2: startup date [Thu Jan 04 22:58:49 CST 2018]; root of context hierarchy
[INFO] [2018-01-04 22:58:49][org.springframework.beans.factory.xml.XmlBeanDefinitionReader]Loading XML bean definitions from class path resource [applicationContext.xml]
[INFO] [2018-01-04 22:58:49][org.springframework.beans.factory.xml.XmlBeanDefinitionReader]Loading XML bean definitions from class path resource [dubbo-provider.xml]
[INFO] [2018-01-04 22:58:49][com.alibaba.dubbo.common.logger.LoggerFactory]using logger: com.alibaba.dubbo.common.logger.log4j.Log4jLoggerAdapter
[INFO] [2018-01-04 22:58:49][org.springframework.beans.factory.xml.XmlBeanDefinitionReader]Loading XML bean definitions from class path resource [spring-redis.xml]
[INFO] [2018-01-04 22:58:50][org.springframework.beans.factory.config.PropertyPlaceholderConfigurer]Loading properties file from class path resource [jdbc.properties]
[INFO] [2018-01-04 22:58:50][org.springframework.beans.factory.config.PropertyPlaceholderConfigurer]Loading properties file from class path resource [redis-config.properties]
[INFO] [2018-01-04 22:58:50][org.springframework.beans.factory.annotation.AutowiredAnnotationBeanPostProcessor]JSR-330 'javax.inject.Inject' annotation found and supported for autowiring
[INFO] [2018-01-04 22:58:50][com.alibaba.dubbo.config.AbstractConfig] [DUBBO] The service ready on spring started. service: com.anonymous.test.service.IUserService, dubbo version: 2.5.3, current host: 127.0.0.1
[INFO] [2018-01-04 22:58:51][com.alibaba.dubbo.config.AbstractConfig] [DUBBO] Export dubbo service com.anonymous.test.service.IUserService to local registry, dubbo version: 2.5.3, current host: 127.0.0.1
[INFO] [2018-01-04 22:58:51][com.alibaba.dubbo.config.AbstractConfig] [DUBBO] Export dubbo service com.anonymous.test.service.IUserService to url dubbo://192.168.16.1:20880/com.anonymous.test.service.IUserService?anyhost=true&application=dubbo-service&dubbo=2.5.3&interface=com.anonymous.test.service.IUserService&methods=getArticleById,getUserById,getRedis,setRedis,getUserAndArticleByUserId&pid=5964&side=provider&timestamp=1515077930932, dubbo version: 2.5.3, current host: 127.0.0.1
[INFO] [2018-01-04 22:58:51][com.alibaba.dubbo.config.AbstractConfig] [DUBBO] Register dubbo service com.anonymous.test.service.IUserService url dubbo://192.168.16.1:20880/com.anonymous.test.service.IUserService?anyhost=true&application=dubbo-service&dubbo=2.5.3&interface=com.anonymous.test.service.IUserService&methods=getArticleById,getUserById,getRedis,setRedis,getUserAndArticleByUserId&pid=5964&side=provider&timestamp=1515077930932 to registry registry://192.168.16.128:2181/com.alibaba.dubbo.registry.RegistryService?application=dubbo-service&backup=192.168.16.129:2181,192.168.16.130:2181&dubbo=2.5.3&pid=5964&registry=zookeeper&timestamp=1515077930918, dubbo version: 2.5.3, current host: 127.0.0.1
[INFO] [2018-01-04 22:58:51][com.alibaba.dubbo.remoting.transport.AbstractServer] [DUBBO] Start NettyServer bind /0.0.0.0:20880, export /192.168.16.1:20880, dubbo version: 2.5.3, current host: 127.0.0.1
[INFO] [2018-01-04 22:58:51][com.alibaba.dubbo.registry.zookeeper.ZookeeperRegistry] [DUBBO] Load registry store file C:\Users\Administrator.SC-201707281455\.dubbo\dubbo-registry-192.168.16.128.cache, data: {com.anonymous.test.service.IUserService=empty://192.168.16.1:20880/com.anonymous.test.service.IUserService?anyhost=true&application=dubbo-service&category=configurators&check=false&dubbo=2.5.3&interface=com.anonymous.test.service.IUserService&methods=getArticleById,getUserById,getUserAndArticleByUserId&pid=7012&side=provider&timestamp=1514994454266}, dubbo version: 2.5.3, current host: 127.0.0.1
[INFO] [2018-01-04 22:58:51][org.I0Itec.zkclient.ZkEventThread]Starting ZkClient event thread.
[INFO] [2018-01-04 22:59:00][org.apache.zookeeper.ZooKeeper]Client environment:zookeeper.version=3.4.6-1569965, built on 02/20/2014 09:09 GMT
[INFO] [2018-01-04 22:59:00][org.apache.zookeeper.ZooKeeper]Client environment:host.name=SC-201707281455
[INFO] [2018-01-04 22:59:00][org.apache.zookeeper.ZooKeeper]Client environment:java.version=1.8.0_111
[INFO] [2018-01-04 22:59:00][org.apache.zookeeper.ZooKeeper]Client environment:java.vendor=Oracle Corporation
[INFO] [2018-01-04 22:59:00][org.apache.zookeeper.ZooKeeper]Client environment:java.home=C:\Program Files\Java\jdk1.8.0_111\jre
[INFO] [2018-01-04 22:59:00][org.apache.zookeeper.ZooKeeper]Client environment:java.class.path=E:\eclipse_workspace\anonymous\anonymous-api\target\classes;E:\eclipse_workspace\anonymous\anonymous-service\target\classes;E:\eclipse_workspace\anonymous\anonymous-dao\target\classes;E:\eclipse_workspace\anonymous\anonymous-pojo\target\classes;E:\eclipse_workspace\anonymous\anonymous-utils\target\classes;C:\Users\Administrator.SC-201707281455\.m2\repository\org\springframework\spring-core\4.0.2.RELEASE\spring-core-4.0.2.RELEASE.jar;C:\Users\Administrator.SC-201707281455\.m2\repository\commons-logging\commons-logging\1.1.3\commons-logging-1.1.3.jar;C:\Users\Administrator.SC-201707281455\.m2\repository\org\springframework\spring-web\4.0.2.RELEASE\spring-web-4.0.2.RELEASE.jar;C:\Users\Administrator.SC-201707281455\.m2\repository\org\springframework\spring-beans\4.0.2.RELEASE\spring-beans-4.0.2.RELEASE.jar;C:\Users\Administrator.SC-201707281455\.m2\repository\org\springframework\spring-context\4.0.2.RELEASE\spring-context-4.0.2.RELEASE.jar;C:\Users\Administrator.SC-201707281455\.m2\repository\org\springframework\spring-oxm\4.0.2.RELEASE\spring-oxm-4.0.2.RELEASE.jar;C:\Users\Administrator.SC-201707281455\.m2\repository\org\springframework\spring-tx\4.0.2.RELEASE\spring-tx-4.0.2.RELEASE.jar;C:\Users\Administrator.SC-201707281455\.m2\repository\org\springframework\spring-jdbc\4.0.2.RELEASE\spring-jdbc-4.0.2.RELEASE.jar;C:\Users\Administrator.SC-201707281455\.m2\repository\org\springframework\spring-webmvc\4.0.2.RELEASE\spring-webmvc-4.0.2.RELEASE.jar;C:\Users\Administrator.SC-201707281455\.m2\repository\org\springframework\spring-expression\4.0.2.RELEASE\spring-expression-4.0.2.RELEASE.jar;C:\Users\Administrator.SC-201707281455\.m2\repository\org\springframework\spring-aop\4.0.2.RELEASE\spring-aop-4.0.2.RELEASE.jar;C:\Users\Administrator.SC-201707281455\.m2\repository\aopalliance\aopalliance\1.0\aopalliance-1.0.jar;C:\Users\Administrator.SC-201707281455\.m2\repository\org\springframework\spring-context-support\4.0.2.RELEASE\spring-context-support-4.0.2.RELEASE.jar;C:\Users\Administrator.SC-201707281455\.m2\repository\org\springframework\spring-test\4.0.2.RELEASE\spring-test-4.0.2.RELEASE.jar;C:\Users\Administrator.SC-201707281455\.m2\repository\org\mybatis\mybatis\3.2.6\mybatis-3.2.6.jar;C:\Users\Administrator.SC-201707281455\.m2\repository\org\mybatis\mybatis-spring\1.2.2\mybatis-spring-1.2.2.jar;C:\Users\Administrator.SC-201707281455\.m2\repository\javax\javaee-api\7.0\javaee-api-7.0.jar;C:\Users\Administrator.SC-201707281455\.m2\repository\com\sun\mail\javax.mail\1.5.0\javax.mail-1.5.0.jar;C:\Users\Administrator.SC-201707281455\.m2\repository\javax\activation\activation\1.1\activation-1.1.jar;C:\Users\Administrator.SC-201707281455\.m2\repository\mysql\mysql-connector-java\5.1.30\mysql-connector-java-5.1.30.jar;C:\Users\Administrator.SC-201707281455\.m2\repository\commons-dbcp\commons-dbcp\1.2.2\commons-dbcp-1.2.2.jar;C:\Users\Administrator.SC-201707281455\.m2\repository\commons-pool\commons-pool\1.3\commons-pool-1.3.jar;C:\Users\Administrator.SC-201707281455\.m2\repository\jstl\jstl\1.2\jstl-1.2.jar;C:\Users\Administrator.SC-201707281455\.m2\repository\log4j\log4j\1.2.17\log4j-1.2.17.jar;C:\Users\Administrator.SC-201707281455\.m2\repository\com\alibaba\fastjson\1.1.41\fastjson-1.1.41.jar;C:\Users\Administrator.SC-201707281455\.m2\repository\org\slf4j\slf4j-api\1.7.7\slf4j-api-1.7.7.jar;C:\Users\Administrator.SC-201707281455\.m2\repository\org\slf4j\slf4j-log4j12\1.7.7\slf4j-log4j12-1.7.7.jar;C:\Users\Administrator.SC-201707281455\.m2\repository\org\codehaus\jackson\jackson-mapper-asl\1.9.13\jackson-mapper-asl-1.9.13.jar;C:\Users\Administrator.SC-201707281455\.m2\repository\org\codehaus\jackson\jackson-core-asl\1.9.13\jackson-core-asl-1.9.13.jar;C:\Users\Administrator.SC-201707281455\.m2\repository\commons-fileupload\commons-fileupload\1.3.1\commons-fileupload-1.3.1.jar;C:\Users\Administrator.SC-201707281455\.m2\repository\commons-io\commons-io\2.4\commons-io-2.4.jar;C:\Users\Administrator.SC-201707281455\.m2\repository\commons-codec\commons-codec\1.9\commons-codec-1.9.jar;C:\Users\Administrator.SC-201707281455\.m2\repository\com\alibaba\dubbo\2.5.3\dubbo-2.5.3.jar;C:\Users\Administrator.SC-201707281455\.m2\repository\org\javassist\javassist\3.15.0-GA\javassist-3.15.0-GA.jar;C:\Users\Administrator.SC-201707281455\.m2\repository\org\apache\zookeeper\zookeeper\3.4.6\zookeeper-3.4.6.jar;C:\Users\Administrator.SC-201707281455\.m2\repository\jline\jline\0.9.94\jline-0.9.94.jar;C:\Users\Administrator.SC-201707281455\.m2\repository\io\netty\netty\3.7.0.Final\netty-3.7.0.Final.jar;C:\Users\Administrator.SC-201707281455\.m2\repository\com\github\sgroschupf\zkclient\0.1\zkclient-0.1.jar;C:\Users\Administrator.SC-201707281455\.m2\repository\org\springframework\data\spring-data-redis\1.6.1.RELEASE\spring-data-redis-1.6.1.RELEASE.jar;C:\Users\Administrator.SC-201707281455\.m2\repository\redis\clients\jedis\2.8.1\jedis-2.8.1.jar;C:\Users\Administrator.SC-201707281455\.m2\repository\org\apache\commons\commons-pool2\2.4.2\commons-pool2-2.4.2.jar;C:\Users\Administrator.SC-201707281455\.m2\repository\com\google\code\gson\gson\2.8.2\gson-2.8.2.jar
[INFO] [2018-01-04 22:59:00][org.apache.zookeeper.ZooKeeper]Client environment:java.library.path=C:\Program Files\Java\jdk1.8.0_111\bin;C:\Windows\Sun\Java\bin;C:\Windows\system32;C:\Windows;C:/Program Files/Java/jdk1.8.0_111/bin/../jre/bin/server;C:/Program Files/Java/jdk1.8.0_111/bin/../jre/bin;C:/Program Files/Java/jdk1.8.0_111/bin/../jre/lib/amd64;%MAVEN_HOME%\bin;C:\Program Files\Java\jdk1.8.0_111\bin;C:\Program Files\Java\jdk1.8.0_111\jre\bin;C:\ProgramData\Oracle\Java\javapath;C:\Windows\system32;C:\Windows;C:\Windows\System32\Wbem;C:\Windows\System32\WindowsPowerShell\v1.0\;C:\Program Files (x86)\ATI Technologies\ATI.ACE\Core-Static;E:\eclipse;;.
[INFO] [2018-01-04 22:59:00][org.apache.zookeeper.ZooKeeper]Client environment:java.io.tmpdir=C:\Users\ADMINI~1.SC-\AppData\Local\Temp\
[INFO] [2018-01-04 22:59:00][org.apache.zookeeper.ZooKeeper]Client environment:java.compiler=<NA>
[INFO] [2018-01-04 22:59:00][org.apache.zookeeper.ZooKeeper]Client environment:os.name=Windows 8.1
[INFO] [2018-01-04 22:59:00][org.apache.zookeeper.ZooKeeper]Client environment:os.arch=amd64
[INFO] [2018-01-04 22:59:00][org.apache.zookeeper.ZooKeeper]Client environment:os.version=6.3
[INFO] [2018-01-04 22:59:00][org.apache.zookeeper.ZooKeeper]Client environment:user.name=Administrator
[INFO] [2018-01-04 22:59:00][org.apache.zookeeper.ZooKeeper]Client environment:user.home=C:\Users\Administrator.SC-201707281455
[INFO] [2018-01-04 22:59:00][org.apache.zookeeper.ZooKeeper]Client environment:user.dir=E:\eclipse_workspace\anonymous\anonymous-api
[INFO] [2018-01-04 22:59:00][org.apache.zookeeper.ZooKeeper]Initiating client connection, connectString=192.168.16.128:2181,192.168.16.129:2181,192.168.16.130:2181 sessionTimeout=30000 watcher=org.I0Itec.zkclient.ZkClient@d62fe5b
[INFO] [2018-01-04 22:59:00][org.apache.zookeeper.ClientCnxn]Opening socket connection to server 192.168.16.128/192.168.16.128:2181. Will not attempt to authenticate using SASL (unknown error)
[INFO] [2018-01-04 22:59:00][org.apache.zookeeper.ClientCnxn]Socket connection established to 192.168.16.128/192.168.16.128:2181, initiating session
[INFO] [2018-01-04 22:59:00][org.apache.zookeeper.ClientCnxn]Session establishment complete on server 192.168.16.128/192.168.16.128:2181, sessionid = 0x160c36484ec0001, negotiated timeout = 30000
[INFO] [2018-01-04 22:59:00][org.I0Itec.zkclient.ZkClient]zookeeper state changed (SyncConnected)
[INFO] [2018-01-04 22:59:00][com.alibaba.dubbo.registry.zookeeper.ZookeeperRegistry] [DUBBO] Register: dubbo://192.168.16.1:20880/com.anonymous.test.service.IUserService?anyhost=true&application=dubbo-service&dubbo=2.5.3&interface=com.anonymous.test.service.IUserService&methods=getArticleById,getUserById,getRedis,setRedis,getUserAndArticleByUserId&pid=5964&side=provider&timestamp=1515077930932, dubbo version: 2.5.3, current host: 127.0.0.1
[INFO] [2018-01-04 22:59:00][com.alibaba.dubbo.registry.zookeeper.ZookeeperRegistry] [DUBBO] Subscribe: provider://192.168.16.1:20880/com.anonymous.test.service.IUserService?anyhost=true&application=dubbo-service&category=configurators&check=false&dubbo=2.5.3&interface=com.anonymous.test.service.IUserService&methods=getArticleById,getUserById,getRedis,setRedis,getUserAndArticleByUserId&pid=5964&side=provider&timestamp=1515077930932, dubbo version: 2.5.3, current host: 127.0.0.1
[INFO] [2018-01-04 22:59:00][com.alibaba.dubbo.registry.zookeeper.ZookeeperRegistry] [DUBBO] Notify urls for subscribe url provider://192.168.16.1:20880/com.anonymous.test.service.IUserService?anyhost=true&application=dubbo-service&category=configurators&check=false&dubbo=2.5.3&interface=com.anonymous.test.service.IUserService&methods=getArticleById,getUserById,getRedis,setRedis,getUserAndArticleByUserId&pid=5964&side=provider&timestamp=1515077930932, urls: [empty://192.168.16.1:20880/com.anonymous.test.service.IUserService?anyhost=true&application=dubbo-service&category=configurators&check=false&dubbo=2.5.3&interface=com.anonymous.test.service.IUserService&methods=getArticleById,getUserById,getRedis,setRedis,getUserAndArticleByUserId&pid=5964&side=provider&timestamp=1515077930932], dubbo version: 2.5.3, current host: 127.0.0.1
[INFO] [2018-01-04 23:07:39][org.springframework.beans.factory.xml.XmlBeanDefinitionReader]Loading XML bean definitions from class path resource [org/springframework/jdbc/support/sql-error-codes.xml]
[INFO] [2018-01-04 23:07:39][org.springframework.jdbc.support.SQLErrorCodesFactory]SQLErrorCodes loaded: [DB2, Derby, H2, HSQL, Informix, MS-SQL, MySQL, Oracle, PostgreSQL, Sybase]
[ERROR] [2018-01-04 23:07:39][com.alibaba.dubbo.rpc.filter.ExceptionFilter] [DUBBO] Got unchecked and undeclared exception which called by 192.168.16.1. service: com.anonymous.test.service.IUserService, method: getUserById, exception: org.springframework.jdbc.BadSqlGrammarException: 
### Error querying database.  Cause: com.mysql.jdbc.exceptions.jdbc4.MySQLSyntaxErrorException: Unknown column 'u.user_id' in 'where clause'
### The error may exist in file [E:\eclipse_workspace\anonymous\anonymous-dao\target\classes\com\anonymous\test\mapping\UserMapper.xml]
### The error may involve com.anonymous.test.dao.IUserDao.getUserById-Inline
### The error occurred while setting parameters
### SQL: select * from user u where u.user_id=?
### Cause: com.mysql.jdbc.exceptions.jdbc4.MySQLSyntaxErrorException: Unknown column 'u.user_id' in 'where clause'
; bad SQL grammar []; nested exception is com.mysql.jdbc.exceptions.jdbc4.MySQLSyntaxErrorException: Unknown column 'u.user_id' in 'where clause', dubbo version: 2.5.3, current host: 127.0.0.1
org.springframework.jdbc.BadSqlGrammarException: 
### Error querying database.  Cause: com.mysql.jdbc.exceptions.jdbc4.MySQLSyntaxErrorException: Unknown column 'u.user_id' in 'where clause'
### The error may exist in file [E:\eclipse_workspace\anonymous\anonymous-dao\target\classes\com\anonymous\test\mapping\UserMapper.xml]
### The error may involve com.anonymous.test.dao.IUserDao.getUserById-Inline
### The error occurred while setting parameters
### SQL: select * from user u where u.user_id=?
### Cause: com.mysql.jdbc.exceptions.jdbc4.MySQLSyntaxErrorException: Unknown column 'u.user_id' in 'where clause'
; bad SQL grammar []; nested exception is com.mysql.jdbc.exceptions.jdbc4.MySQLSyntaxErrorException: Unknown column 'u.user_id' in 'where clause'
	at org.springframework.jdbc.support.SQLErrorCodeSQLExceptionTranslator.doTranslate(SQLErrorCodeSQLExceptionTranslator.java:231)
	at org.springframework.jdbc.support.AbstractFallbackSQLExceptionTranslator.translate(AbstractFallbackSQLExceptionTranslator.java:73)
	at org.mybatis.spring.MyBatisExceptionTranslator.translateExceptionIfPossible(MyBatisExceptionTranslator.java:73)
	at org.mybatis.spring.SqlSessionTemplate$SqlSessionInterceptor.invoke(SqlSessionTemplate.java:371)
	at com.sun.proxy.$Proxy13.selectOne(Unknown Source)
	at org.mybatis.spring.SqlSessionTemplate.selectOne(SqlSessionTemplate.java:163)
	at org.apache.ibatis.binding.MapperMethod.execute(MapperMethod.java:68)
	at org.apache.ibatis.binding.MapperProxy.invoke(MapperProxy.java:52)
	at com.sun.proxy.$Proxy14.getUserById(Unknown Source)
	at com.anonymous.test.service.impl.UserServiceImpl.getUserById(UserServiceImpl.java:26)
	at com.alibaba.dubbo.common.bytecode.Wrapper1.invokeMethod(Wrapper1.java)
	at com.alibaba.dubbo.rpc.proxy.javassist.JavassistProxyFactory$1.doInvoke(JavassistProxyFactory.java:46)
	at com.alibaba.dubbo.rpc.proxy.AbstractProxyInvoker.invoke(AbstractProxyInvoker.java:72)
	at com.alibaba.dubbo.rpc.protocol.InvokerWrapper.invoke(InvokerWrapper.java:53)
	at com.alibaba.dubbo.rpc.filter.ExceptionFilter.invoke(ExceptionFilter.java:64)
	at com.alibaba.dubbo.rpc.protocol.ProtocolFilterWrapper$1.invoke(ProtocolFilterWrapper.java:91)
	at com.alibaba.dubbo.monitor.support.MonitorFilter.invoke(MonitorFilter.java:75)
	at com.alibaba.dubbo.rpc.protocol.ProtocolFilterWrapper$1.invoke(ProtocolFilterWrapper.java:91)
	at com.alibaba.dubbo.rpc.filter.TimeoutFilter.invoke(TimeoutFilter.java:42)
	at com.alibaba.dubbo.rpc.protocol.ProtocolFilterWrapper$1.invoke(ProtocolFilterWrapper.java:91)
	at com.alibaba.dubbo.rpc.protocol.dubbo.filter.TraceFilter.invoke(TraceFilter.java:78)
	at com.alibaba.dubbo.rpc.protocol.ProtocolFilterWrapper$1.invoke(ProtocolFilterWrapper.java:91)
	at com.alibaba.dubbo.rpc.filter.ContextFilter.invoke(ContextFilter.java:60)
	at com.alibaba.dubbo.rpc.protocol.ProtocolFilterWrapper$1.invoke(ProtocolFilterWrapper.java:91)
	at com.alibaba.dubbo.rpc.filter.GenericFilter.invoke(GenericFilter.java:112)
	at com.alibaba.dubbo.rpc.protocol.ProtocolFilterWrapper$1.invoke(ProtocolFilterWrapper.java:91)
	at com.alibaba.dubbo.rpc.filter.ClassLoaderFilter.invoke(ClassLoaderFilter.java:38)
	at com.alibaba.dubbo.rpc.protocol.ProtocolFilterWrapper$1.invoke(ProtocolFilterWrapper.java:91)
	at com.alibaba.dubbo.rpc.filter.EchoFilter.invoke(EchoFilter.java:38)
	at com.alibaba.dubbo.rpc.protocol.ProtocolFilterWrapper$1.invoke(ProtocolFilterWrapper.java:91)
	at com.alibaba.dubbo.rpc.protocol.dubbo.DubboProtocol$1.reply(DubboProtocol.java:108)
	at com.alibaba.dubbo.remoting.exchange.support.header.HeaderExchangeHandler.handleRequest(HeaderExchangeHandler.java:84)
	at com.alibaba.dubbo.remoting.exchange.support.header.HeaderExchangeHandler.received(HeaderExchangeHandler.java:170)
	at com.alibaba.dubbo.remoting.transport.DecodeHandler.received(DecodeHandler.java:52)
	at com.alibaba.dubbo.remoting.transport.dispatcher.ChannelEventRunnable.run(ChannelEventRunnable.java:82)
	at java.util.concurrent.ThreadPoolExecutor.runWorker(ThreadPoolExecutor.java:1142)
	at java.util.concurrent.ThreadPoolExecutor$Worker.run(ThreadPoolExecutor.java:617)
	at java.lang.Thread.run(Thread.java:745)
Caused by: com.mysql.jdbc.exceptions.jdbc4.MySQLSyntaxErrorException: Unknown column 'u.user_id' in 'where clause'
	at sun.reflect.NativeConstructorAccessorImpl.newInstance0(Native Method)
	at sun.reflect.NativeConstructorAccessorImpl.newInstance(NativeConstructorAccessorImpl.java:62)
	at sun.reflect.DelegatingConstructorAccessorImpl.newInstance(DelegatingConstructorAccessorImpl.java:45)
	at java.lang.reflect.Constructor.newInstance(Constructor.java:423)
	at com.mysql.jdbc.Util.handleNewInstance(Util.java:409)
	at com.mysql.jdbc.Util.getInstance(Util.java:384)
	at com.mysql.jdbc.SQLError.createSQLException(SQLError.java:1052)
	at com.mysql.jdbc.MysqlIO.checkErrorPacket(MysqlIO.java:4232)
	at com.mysql.jdbc.MysqlIO.checkErrorPacket(MysqlIO.java:4164)
	at com.mysql.jdbc.MysqlIO.sendCommand(MysqlIO.java:2615)
	at com.mysql.jdbc.MysqlIO.sqlQueryDirect(MysqlIO.java:2776)
	at com.mysql.jdbc.ConnectionImpl.execSQL(ConnectionImpl.java:2838)
	at com.mysql.jdbc.PreparedStatement.executeInternal(PreparedStatement.java:2082)
	at com.mysql.jdbc.PreparedStatement.execute(PreparedStatement.java:1307)
	at org.apache.commons.dbcp.DelegatingPreparedStatement.execute(DelegatingPreparedStatement.java:169)
	at org.apache.ibatis.executor.statement.PreparedStatementHandler.query(PreparedStatementHandler.java:59)
	at org.apache.ibatis.executor.statement.RoutingStatementHandler.query(RoutingStatementHandler.java:73)
	at org.apache.ibatis.executor.SimpleExecutor.doQuery(SimpleExecutor.java:60)
	at org.apache.ibatis.executor.BaseExecutor.queryFromDatabase(BaseExecutor.java:267)
	at org.apache.ibatis.executor.BaseExecutor.query(BaseExecutor.java:137)
	at org.apache.ibatis.executor.CachingExecutor.query(CachingExecutor.java:96)
	at org.apache.ibatis.executor.CachingExecutor.query(CachingExecutor.java:77)
	at org.apache.ibatis.session.defaults.DefaultSqlSession.selectList(DefaultSqlSession.java:108)
	at org.apache.ibatis.session.defaults.DefaultSqlSession.selectList(DefaultSqlSession.java:102)
	at org.apache.ibatis.session.defaults.DefaultSqlSession.selectOne(DefaultSqlSession.java:66)
	at sun.reflect.NativeMethodAccessorImpl.invoke0(Native Method)
	at sun.reflect.NativeMethodAccessorImpl.invoke(NativeMethodAccessorImpl.java:62)
	at sun.reflect.DelegatingMethodAccessorImpl.invoke(DelegatingMethodAccessorImpl.java:43)
	at java.lang.reflect.Method.invoke(Method.java:498)
	at org.mybatis.spring.SqlSessionTemplate$SqlSessionInterceptor.invoke(SqlSessionTemplate.java:358)
	... 34 more
[WARN] [2018-01-04 23:09:09][com.alibaba.dubbo.remoting.transport.AbstractServer] [DUBBO] All clients has discontected from /192.168.16.1:20880. You can graceful shutdown now., dubbo version: 2.5.3, current host: 127.0.0.1
[INFO] [2018-01-04 23:09:09][com.alibaba.dubbo.rpc.protocol.dubbo.DubboProtocol] [DUBBO] disconected from /192.168.16.1:60784,url:dubbo://192.168.16.1:20880/com.anonymous.test.service.IUserService?anyhost=true&application=dubbo-service&channel.readonly.sent=true&codec=dubbo&dubbo=2.5.3&heartbeat=60000&interface=com.anonymous.test.service.IUserService&methods=getArticleById,getUserById,getRedis,setRedis,getUserAndArticleByUserId&pid=5964&side=provider&timestamp=1515077930932, dubbo version: 2.5.3, current host: 127.0.0.1
[ERROR] [2018-01-04 23:10:24][com.alibaba.dubbo.rpc.filter.ExceptionFilter] [DUBBO] Got unchecked and undeclared exception which called by 192.168.16.1. service: com.anonymous.test.service.IUserService, method: getUserById, exception: org.springframework.jdbc.BadSqlGrammarException: 
### Error querying database.  Cause: com.mysql.jdbc.exceptions.jdbc4.MySQLSyntaxErrorException: Unknown column 'u.user_id' in 'where clause'
### The error may exist in file [E:\eclipse_workspace\anonymous\anonymous-dao\target\classes\com\anonymous\test\mapping\UserMapper.xml]
### The error may involve com.anonymous.test.dao.IUserDao.getUserById-Inline
### The error occurred while setting parameters
### SQL: select * from user u where u.user_id=?
### Cause: com.mysql.jdbc.exceptions.jdbc4.MySQLSyntaxErrorException: Unknown column 'u.user_id' in 'where clause'
; bad SQL grammar []; nested exception is com.mysql.jdbc.exceptions.jdbc4.MySQLSyntaxErrorException: Unknown column 'u.user_id' in 'where clause', dubbo version: 2.5.3, current host: 127.0.0.1
org.springframework.jdbc.BadSqlGrammarException: 
### Error querying database.  Cause: com.mysql.jdbc.exceptions.jdbc4.MySQLSyntaxErrorException: Unknown column 'u.user_id' in 'where clause'
### The error may exist in file [E:\eclipse_workspace\anonymous\anonymous-dao\target\classes\com\anonymous\test\mapping\UserMapper.xml]
### The error may involve com.anonymous.test.dao.IUserDao.getUserById-Inline
### The error occurred while setting parameters
### SQL: select * from user u where u.user_id=?
### Cause: com.mysql.jdbc.exceptions.jdbc4.MySQLSyntaxErrorException: Unknown column 'u.user_id' in 'where clause'
; bad SQL grammar []; nested exception is com.mysql.jdbc.exceptions.jdbc4.MySQLSyntaxErrorException: Unknown column 'u.user_id' in 'where clause'
	at org.springframework.jdbc.support.SQLErrorCodeSQLExceptionTranslator.doTranslate(SQLErrorCodeSQLExceptionTranslator.java:231)
	at org.springframework.jdbc.support.AbstractFallbackSQLExceptionTranslator.translate(AbstractFallbackSQLExceptionTranslator.java:73)
	at org.mybatis.spring.MyBatisExceptionTranslator.translateExceptionIfPossible(MyBatisExceptionTranslator.java:73)
	at org.mybatis.spring.SqlSessionTemplate$SqlSessionInterceptor.invoke(SqlSessionTemplate.java:371)
	at com.sun.proxy.$Proxy13.selectOne(Unknown Source)
	at org.mybatis.spring.SqlSessionTemplate.selectOne(SqlSessionTemplate.java:163)
	at org.apache.ibatis.binding.MapperMethod.execute(MapperMethod.java:68)
	at org.apache.ibatis.binding.MapperProxy.invoke(MapperProxy.java:52)
	at com.sun.proxy.$Proxy14.getUserById(Unknown Source)
	at com.anonymous.test.service.impl.UserServiceImpl.getUserById(UserServiceImpl.java:26)
	at com.alibaba.dubbo.common.bytecode.Wrapper1.invokeMethod(Wrapper1.java)
	at com.alibaba.dubbo.rpc.proxy.javassist.JavassistProxyFactory$1.doInvoke(JavassistProxyFactory.java:46)
	at com.alibaba.dubbo.rpc.proxy.AbstractProxyInvoker.invoke(AbstractProxyInvoker.java:72)
	at com.alibaba.dubbo.rpc.protocol.InvokerWrapper.invoke(InvokerWrapper.java:53)
	at com.alibaba.dubbo.rpc.filter.ExceptionFilter.invoke(ExceptionFilter.java:64)
	at com.alibaba.dubbo.rpc.protocol.ProtocolFilterWrapper$1.invoke(ProtocolFilterWrapper.java:91)
	at com.alibaba.dubbo.monitor.support.MonitorFilter.invoke(MonitorFilter.java:75)
	at com.alibaba.dubbo.rpc.protocol.ProtocolFilterWrapper$1.invoke(ProtocolFilterWrapper.java:91)
	at com.alibaba.dubbo.rpc.filter.TimeoutFilter.invoke(TimeoutFilter.java:42)
	at com.alibaba.dubbo.rpc.protocol.ProtocolFilterWrapper$1.invoke(ProtocolFilterWrapper.java:91)
	at com.alibaba.dubbo.rpc.protocol.dubbo.filter.TraceFilter.invoke(TraceFilter.java:78)
	at com.alibaba.dubbo.rpc.protocol.ProtocolFilterWrapper$1.invoke(ProtocolFilterWrapper.java:91)
	at com.alibaba.dubbo.rpc.filter.ContextFilter.invoke(ContextFilter.java:60)
	at com.alibaba.dubbo.rpc.protocol.ProtocolFilterWrapper$1.invoke(ProtocolFilterWrapper.java:91)
	at com.alibaba.dubbo.rpc.filter.GenericFilter.invoke(GenericFilter.java:112)
	at com.alibaba.dubbo.rpc.protocol.ProtocolFilterWrapper$1.invoke(ProtocolFilterWrapper.java:91)
	at com.alibaba.dubbo.rpc.filter.ClassLoaderFilter.invoke(ClassLoaderFilter.java:38)
	at com.alibaba.dubbo.rpc.protocol.ProtocolFilterWrapper$1.invoke(ProtocolFilterWrapper.java:91)
	at com.alibaba.dubbo.rpc.filter.EchoFilter.invoke(EchoFilter.java:38)
	at com.alibaba.dubbo.rpc.protocol.ProtocolFilterWrapper$1.invoke(ProtocolFilterWrapper.java:91)
	at com.alibaba.dubbo.rpc.protocol.dubbo.DubboProtocol$1.reply(DubboProtocol.java:108)
	at com.alibaba.dubbo.remoting.exchange.support.header.HeaderExchangeHandler.handleRequest(HeaderExchangeHandler.java:84)
	at com.alibaba.dubbo.remoting.exchange.support.header.HeaderExchangeHandler.received(HeaderExchangeHandler.java:170)
	at com.alibaba.dubbo.remoting.transport.DecodeHandler.received(DecodeHandler.java:52)
	at com.alibaba.dubbo.remoting.transport.dispatcher.ChannelEventRunnable.run(ChannelEventRunnable.java:82)
	at java.util.concurrent.ThreadPoolExecutor.runWorker(ThreadPoolExecutor.java:1142)
	at java.util.concurrent.ThreadPoolExecutor$Worker.run(ThreadPoolExecutor.java:617)
	at java.lang.Thread.run(Thread.java:745)
Caused by: com.mysql.jdbc.exceptions.jdbc4.MySQLSyntaxErrorException: Unknown column 'u.user_id' in 'where clause'
	at sun.reflect.NativeConstructorAccessorImpl.newInstance0(Native Method)
	at sun.reflect.NativeConstructorAccessorImpl.newInstance(NativeConstructorAccessorImpl.java:62)
	at sun.reflect.DelegatingConstructorAccessorImpl.newInstance(DelegatingConstructorAccessorImpl.java:45)
	at java.lang.reflect.Constructor.newInstance(Constructor.java:423)
	at com.mysql.jdbc.Util.handleNewInstance(Util.java:409)
	at com.mysql.jdbc.Util.getInstance(Util.java:384)
	at com.mysql.jdbc.SQLError.createSQLException(SQLError.java:1052)
	at com.mysql.jdbc.MysqlIO.checkErrorPacket(MysqlIO.java:4232)
	at com.mysql.jdbc.MysqlIO.checkErrorPacket(MysqlIO.java:4164)
	at com.mysql.jdbc.MysqlIO.sendCommand(MysqlIO.java:2615)
	at com.mysql.jdbc.MysqlIO.sqlQueryDirect(MysqlIO.java:2776)
	at com.mysql.jdbc.ConnectionImpl.execSQL(ConnectionImpl.java:2838)
	at com.mysql.jdbc.PreparedStatement.executeInternal(PreparedStatement.java:2082)
	at com.mysql.jdbc.PreparedStatement.execute(PreparedStatement.java:1307)
	at org.apache.commons.dbcp.DelegatingPreparedStatement.execute(DelegatingPreparedStatement.java:169)
	at org.apache.ibatis.executor.statement.PreparedStatementHandler.query(PreparedStatementHandler.java:59)
	at org.apache.ibatis.executor.statement.RoutingStatementHandler.query(RoutingStatementHandler.java:73)
	at org.apache.ibatis.executor.SimpleExecutor.doQuery(SimpleExecutor.java:60)
	at org.apache.ibatis.executor.BaseExecutor.queryFromDatabase(BaseExecutor.java:267)
	at org.apache.ibatis.executor.BaseExecutor.query(BaseExecutor.java:137)
	at org.apache.ibatis.executor.CachingExecutor.query(CachingExecutor.java:96)
	at org.apache.ibatis.executor.CachingExecutor.query(CachingExecutor.java:77)
	at org.apache.ibatis.session.defaults.DefaultSqlSession.selectList(DefaultSqlSession.java:108)
	at org.apache.ibatis.session.defaults.DefaultSqlSession.selectList(DefaultSqlSession.java:102)
	at org.apache.ibatis.session.defaults.DefaultSqlSession.selectOne(DefaultSqlSession.java:66)
	at sun.reflect.NativeMethodAccessorImpl.invoke0(Native Method)
	at sun.reflect.NativeMethodAccessorImpl.invoke(NativeMethodAccessorImpl.java:62)
	at sun.reflect.DelegatingMethodAccessorImpl.invoke(DelegatingMethodAccessorImpl.java:43)
	at java.lang.reflect.Method.invoke(Method.java:498)
	at org.mybatis.spring.SqlSessionTemplate$SqlSessionInterceptor.invoke(SqlSessionTemplate.java:358)
	... 34 more
